<?xml version="1.0" encoding="UTF-8"?>
<coverage generated="1658460819680" clover="3.2.0">
  <project timestamp="1658460819680" name="All files">
    <metrics statements="24" coveredstatements="20" conditionals="8" coveredconditionals="4" methods="8" coveredmethods="8" elements="40" coveredelements="32" complexity="0" loc="24" ncloc="24" packages="1" files="2" classes="2"/>
    <file name="Employee.js" path="C:\Users\mtwen\Desktop\UCB-Projects\10-digital-rolodex\lib\Employee.js">
      <metrics statements="15" coveredstatements="12" conditionals="6" coveredconditionals="3" methods="5" coveredmethods="5"/>
      <line num="3" count="2" type="stmt"/>
      <line num="4" count="2" type="stmt"/>
      <line num="5" count="2" type="stmt"/>
      <line num="6" count="2" type="stmt"/>
      <line num="7" count="2" type="cond" truecount="1" falsecount="1"/>
      <line num="8" count="0" type="stmt"/>
      <line num="10" count="2" type="cond" truecount="1" falsecount="1"/>
      <line num="11" count="0" type="stmt"/>
      <line num="13" count="2" type="cond" truecount="1" falsecount="1"/>
      <line num="14" count="0" type="stmt"/>
      <line num="18" count="1" type="stmt"/>
      <line num="20" count="1" type="stmt"/>
      <line num="22" count="1" type="stmt"/>
      <line num="24" count="1" type="stmt"/>
      <line num="26" count="2" type="stmt"/>
    </file>
    <file name="Engineer.js" path="C:\Users\mtwen\Desktop\UCB-Projects\10-digital-rolodex\lib\Engineer.js">
      <metrics statements="9" coveredstatements="8" conditionals="2" coveredconditionals="1" methods="3" coveredmethods="3"/>
      <line num="1" count="1" type="stmt"/>
      <line num="5" count="1" type="stmt"/>
      <line num="6" count="1" type="stmt"/>
      <line num="7" count="1" type="stmt"/>
      <line num="8" count="1" type="cond" truecount="1" falsecount="1"/>
      <line num="9" count="0" type="stmt"/>
      <line num="13" count="1" type="stmt"/>
      <line num="15" count="1" type="stmt"/>
      <line num="17" count="1" type="stmt"/>
    </file>
  </project>
</coverage>
