<?xml version="1.0" encoding="UTF-8"?>
<coverage generated="1658455860969" clover="3.2.0">
  <project timestamp="1658455860969" name="All files">
    <metrics statements="15" coveredstatements="12" conditionals="6" coveredconditionals="3" methods="5" coveredmethods="5" elements="26" coveredelements="20" complexity="0" loc="15" ncloc="15" packages="1" files="1" classes="1"/>
    <file name="Employee.js" path="C:\Users\mtwen\Desktop\UCB-Projects\10-digital-rolodex\lib\Employee.js">
      <metrics statements="15" coveredstatements="12" conditionals="6" coveredconditionals="3" methods="5" coveredmethods="5"/>
      <line num="3" count="1" type="stmt"/>
      <line num="4" count="1" type="stmt"/>
      <line num="5" count="1" type="stmt"/>
      <line num="6" count="1" type="stmt"/>
      <line num="7" count="1" type="cond" truecount="1" falsecount="1"/>
      <line num="8" count="0" type="stmt"/>
      <line num="10" count="1" type="cond" truecount="1" falsecount="1"/>
      <line num="11" count="0" type="stmt"/>
      <line num="13" count="1" type="cond" truecount="1" falsecount="1"/>
      <line num="14" count="0" type="stmt"/>
      <line num="18" count="1" type="stmt"/>
      <line num="20" count="1" type="stmt"/>
      <line num="22" count="1" type="stmt"/>
      <line num="24" count="1" type="stmt"/>
      <line num="26" count="1" type="stmt"/>
    </file>
  </project>
</coverage>
