TN:
SF:lib\Employee.js
FN:2,(anonymous_0)
FN:18,(anonymous_1)
FN:20,(anonymous_2)
FN:22,(anonymous_3)
FN:24,(anonymous_4)
FNF:5
FNH:5
FNDA:4,(anonymous_0)
FNDA:1,(anonymous_1)
FNDA:1,(anonymous_2)
FNDA:1,(anonymous_3)
FNDA:1,(anonymous_4)
DA:3,4
DA:4,4
DA:5,4
DA:6,4
DA:7,4
DA:8,0
DA:10,4
DA:11,0
DA:13,4
DA:14,0
DA:18,1
DA:20,1
DA:22,1
DA:24,1
DA:26,4
LF:15
LH:12
BRDA:7,0,0,0
BRDA:7,0,1,4
BRDA:10,1,0,0
BRDA:10,1,1,4
BRDA:13,2,0,0
BRDA:13,2,1,4
BRF:6
BRH:3
end_of_record
TN:
SF:lib\Engineer.js
FN:4,(anonymous_0)
FN:13,(anonymous_1)
FN:15,(anonymous_2)
FNF:3
FNH:3
FNDA:1,(anonymous_0)
FNDA:1,(anonymous_1)
FNDA:1,(anonymous_2)
DA:1,1
DA:5,1
DA:6,1
DA:7,1
DA:8,1
DA:9,0
DA:13,1
DA:15,1
DA:17,1
LF:9
LH:8
BRDA:8,0,0,0
BRDA:8,0,1,1
BRF:2
BRH:1
end_of_record
TN:
SF:lib\Intern.js
FN:4,(anonymous_0)
FN:12,(anonymous_1)
FN:14,(anonymous_2)
FNF:3
FNH:3
FNDA:1,(anonymous_0)
FNDA:1,(anonymous_1)
FNDA:1,(anonymous_2)
DA:1,1
DA:5,1
DA:6,1
DA:7,1
DA:8,1
DA:9,0
DA:12,1
DA:14,1
DA:16,1
LF:9
LH:8
BRDA:8,0,0,0
BRDA:8,0,1,1
BRF:2
BRH:1
end_of_record
TN:
SF:lib\Manager.js
FN:4,(anonymous_0)
FN:13,(anonymous_1)
FN:15,(anonymous_2)
FNF:3
FNH:3
FNDA:1,(anonymous_0)
FNDA:1,(anonymous_1)
FNDA:1,(anonymous_2)
DA:1,1
DA:5,1
DA:6,1
DA:7,1
DA:8,1
DA:9,0
DA:13,1
DA:15,1
DA:17,1
LF:9
LH:8
BRDA:8,0,0,0
BRDA:8,0,1,1
BRF:2
BRH:1
end_of_record
